<?xml version="1.0" encoding="UTF-8"?>
<!-- Generated by org.testng.reporters.JUnitReportReporter -->
<testsuite skipped="0" hostname="Ragu" name="org.example.testCases.ClickParticularItem" tests="1" failures="0" timestamp="07 Aug 2025 09:16:13 GMT" time="5.700" errors="0">
  <testcase name="verifyClickingParticularItem" time="5.700" classname="org.example.testCases.ClickParticularItem"/>
</testsuite> <!-- org.example.testCases.ClickParticularItem -->
